<> 0/3260 - Started!
<> 1/3260 - Update!
<> 11/3260 - Update!
<> 21/3260 - Update!
<> 31/3260 - Update!
<> 41/3260 - Update!
<> 51/3260 - Update!
<> 61/3260 - Update!
<> 71/3260 - Update!
<> 81/3260 - Update!
<> 91/3260 - Update!
<> 101/3260 - Update!
<> 111/3260 - Update!
<> 121/3260 - Update!
<> 131/3260 - Update!
<> 141/3260 - Update!
<> 151/3260 - Update!
<> 161/3260 - Update!
<> 171/3260 - Update!
<> 181/3260 - Update!
<> 191/3260 - Update!
<> 201/3260 - Update!
<> 211/3260 - Update!
<> 221/3260 - Update!
<> 231/3260 - Update!
<> 241/3260 - Update!
<> 251/3260 - Update!
<> 261/3260 - Update!
<> 271/3260 - Update!
<> 281/3260 - Update!
<> 291/3260 - Update!
<Initialization> 297/3260 - Initialization OK!
<> 301/3260 - Update!
<> 311/3260 - Update!
<> 321/3260 - Update!
<> 331/3260 - Update!
<> 341/3260 - Update!
<> 351/3260 - Update!
<> 361/3260 - Update!
<> 371/3260 - Update!
<> 381/3260 - Update!
<> 391/3260 - Update!
<> 401/3260 - Update!
<> 411/3260 - Update!
<> 421/3260 - Update!
<> 431/3260 - Update!
<> 441/3260 - Update!
<> 451/3260 - Update!
<> 461/3260 - Update!
<> 471/3260 - Update!
<> 481/3260 - Update!
<> 491/3260 - Update!
<> 501/3260 - Update!
<> 511/3260 - Update!
<> 521/3260 - Update!
<> 531/3260 - Update!
<> 541/3260 - Update!
<> 551/3260 - Update!
<> 561/3260 - Update!
<> 571/3260 - Update!
<> 581/3260 - Update!
<> 591/3260 - Update!
<> 601/3260 - Update!
<> 611/3260 - Update!
<> 621/3260 - Update!
<> 631/3260 - Update!
<> 641/3260 - Update!
<> 651/3260 - Update!
<> 661/3260 - Update!
<> 671/3260 - Update!
<> 681/3260 - Update!
<> 691/3260 - Update!
<> 701/3260 - Update!
<> 711/3260 - Update!
<> 721/3260 - Update!
<> 731/3260 - Update!
<> 741/3260 - Update!
<> 751/3260 - Update!
<Loop Closing> 752/3260 - Loop detected!
<> 761/3260 - Update!
<> 771/3260 - Update!
<> 781/3260 - Update!
<> 791/3260 - Update!
<> 801/3260 - Update!
<> 811/3260 - Update!
<> 821/3260 - Update!
<> 831/3260 - Update!
<> 841/3260 - Update!
<> 851/3260 - Update!
<> 861/3260 - Update!
<> 871/3260 - Update!
<> 881/3260 - Update!
<> 891/3260 - Update!
<> 901/3260 - Update!
<> 911/3260 - Update!
<> 921/3260 - Update!
<> 931/3260 - Update!
<> 941/3260 - Update!
<> 951/3260 - Update!
<> 961/3260 - Update!
<> 971/3260 - Update!
<> 981/3260 - Update!
<> 991/3260 - Update!
<> 1001/3260 - Update!
<> 1011/3260 - Update!
<> 1021/3260 - Update!
<> 1031/3260 - Update!
<> 1041/3260 - Update!
<> 1051/3260 - Update!
<> 1061/3260 - Update!
<> 1071/3260 - Update!
<> 1081/3260 - Update!
<> 1091/3260 - Update!
<> 1101/3260 - Update!
<> 1111/3260 - Update!
<> 1121/3260 - Update!
<> 1131/3260 - Update!
<> 1141/3260 - Update!
<> 1151/3260 - Update!
<> 1161/3260 - Update!
<> 1171/3260 - Update!
<> 1181/3260 - Update!
<> 1191/3260 - Update!
<> 1201/3260 - Update!
<> 1211/3260 - Update!
<> 1221/3260 - Update!
<> 1231/3260 - Update!
<> 1241/3260 - Update!
<> 1251/3260 - Update!
<> 1261/3260 - Update!
<> 1271/3260 - Update!
<> 1281/3260 - Update!
<> 1291/3260 - Update!
<> 1301/3260 - Update!
<> 1311/3260 - Update!
<> 1321/3260 - Update!
<> 1331/3260 - Update!
<> 1341/3260 - Update!
<> 1351/3260 - Update!
<> 1361/3260 - Update!
<> 1371/3260 - Update!
<> 1381/3260 - Update!
<> 1391/3260 - Update!
<> 1401/3260 - Update!
<> 1411/3260 - Update!
<> 1421/3260 - Update!
<> 1431/3260 - Update!
<> 1441/3260 - Update!
<> 1451/3260 - Update!
<> 1461/3260 - Update!
<> 1471/3260 - Update!
<> 1481/3260 - Update!
<> 1491/3260 - Update!
<Loop Closing> 1492/3260 - Loop detected!
<> 1501/3260 - Update!
<> 1511/3260 - Update!
<> 1521/3260 - Update!
<> 1531/3260 - Update!
<> 1541/3260 - Update!
<> 1551/3260 - Update!
<> 1561/3260 - Update!
<> 1571/3260 - Update!
<> 1581/3260 - Update!
<> 1591/3260 - Update!
<> 1601/3260 - Update!
<> 1611/3260 - Update!
<> 1621/3260 - Update!
<> 1631/3260 - Update!
<> 1641/3260 - Update!
<> 1651/3260 - Update!
<> 1661/3260 - Update!
<> 1671/3260 - Update!
<Tracking> 1675/3260 - Tracking LOST!
<> 1675/3260 - Tracking LOST!
<Relocalization> 1676/3260 - Relocalization OK!
<> 1681/3260 - Update!
<> 1691/3260 - Update!
<Tracking> 1696/3260 - Tracking LOST!
<> 1696/3260 - Tracking LOST!
<> 1701/3260 - Update!
<> 1711/3260 - Update!
<> 1721/3260 - Update!
<> 1731/3260 - Update!
<Relocalization> 1739/3260 - Relocalization OK!
<> 1741/3260 - Update!
<> 1751/3260 - Update!
<> 1761/3260 - Update!
<> 1771/3260 - Update!
<> 1781/3260 - Update!
<> 1791/3260 - Update!
<> 1801/3260 - Update!
<Tracking> 1807/3260 - Tracking LOST!
<> 1807/3260 - Tracking LOST!
<> 1811/3260 - Update!
<Relocalization> 1813/3260 - Relocalization OK!
<> 1821/3260 - Update!
<> 1831/3260 - Update!
<> 1841/3260 - Update!
<> 1851/3260 - Update!
<> 1861/3260 - Update!
<> 1871/3260 - Update!
<> 1881/3260 - Update!
<> 1891/3260 - Update!
<> 1901/3260 - Update!
<> 1911/3260 - Update!
<> 1921/3260 - Update!
<> 1931/3260 - Update!
<> 1941/3260 - Update!
<> 1951/3260 - Update!
<> 1961/3260 - Update!
<> 1971/3260 - Update!
<> 1981/3260 - Update!
<> 1991/3260 - Update!
<> 2001/3260 - Update!
<> 2011/3260 - Update!
<> 2021/3260 - Update!
<> 2031/3260 - Update!
<> 2041/3260 - Update!
<> 2051/3260 - Update!
<> 2061/3260 - Update!
<> 2071/3260 - Update!
<> 2081/3260 - Update!
<> 2091/3260 - Update!
<> 2101/3260 - Update!
<> 2111/3260 - Update!
<> 2121/3260 - Update!
<> 2131/3260 - Update!
<> 2141/3260 - Update!
<> 2151/3260 - Update!
<> 2161/3260 - Update!
<> 2171/3260 - Update!
<> 2181/3260 - Update!
<> 2191/3260 - Update!
<> 2201/3260 - Update!
<> 2211/3260 - Update!
<> 2221/3260 - Update!
